<?xml version="1.0" encoding="UTF-8"?>
<!-- Generated by org.testng.reporters.JUnitReportReporter -->
<testsuite hostname="SmitaBKumar" name="JenkinsDemo" tests="1" failures="0" timestamp="19 Jun 2017 06:34:04 GMT" time="44.581" errors="0">
  <testcase name="testGoogleSearch" time="44.581" classname="JenkinsDemo"/>
</testsuite> <!-- JenkinsDemo -->
